# JRE version: OpenJDK Runtime Environment (15.0+36) (build 15+36-1562)
# Java VM: OpenJDK 64-Bit Server VM (15+36-1562, mixed mode, sharing, tiered, compressed oops, g1 gc, windows-amd64)
GC Precious Log:
 CPUs: 4 total, 4 available
 Memory: 5022M
 Large Page Support: Disabled
 NUMA Support: Disabled
 Compressed Oops: Enabled (32-bit)
 Heap Region Size: 1M
 Heap Min Capacity: 8M
 Heap Initial Capacity: 80M
 Heap Max Capacity: 1256M
 Pre-touch: Disabled
 Parallel Workers: 4
 Concurrent Workers: 1
 Concurrent Refinement Workers: 4
 Periodic GC: Disabled
Heap:
 garbage-first heap   total 61440K, used 41585K [0x00000000b1800000, 0x0000000100000000)
  region size 1024K, 12 young (12288K), 1 survivors (1024K)
 Metaspace       used 69322K, capacity 70076K, committed 70480K, reserved 1112064K
  class space    used 8451K, capacity 8707K, committed 8832K, reserved 1048576K
GC Heap History (20 events):
Event: 474.185 GC heap before
{Heap before GC invocations=44 (full 0):
 garbage-first heap   total 60416K, used 50830K [0x00000000b1800000, 0x0000000100000000)
  region size 1024K, 20 young (20480K), 2 survivors (2048K)
 Metaspace       used 67880K, capacity 68688K, committed 68816K, reserved 1110016K
  class space    used 8405K, capacity 8683K, committed 8704K, reserved 1048576K
}
Event: 474.216 GC heap after
{Heap after GC invocations=45 (full 0):
 garbage-first heap   total 60416K, used 32487K [0x00000000b1800000, 0x0000000100000000)
  region size 1024K, 2 young (2048K), 2 survivors (2048K)
 Metaspace       used 67880K, capacity 68688K, committed 68816K, reserved 1110016K
  class space    used 8405K, capacity 8683K, committed 8704K, reserved 1048576K
}
Event: 629.645 GC heap before
{Heap before GC invocations=46 (full 0):
 garbage-first heap   total 60416K, used 50919K [0x00000000b1800000, 0x0000000100000000)
  region size 1024K, 20 young (20480K), 2 survivors (2048K)
 Metaspace       used 68293K, capacity 69046K, committed 69200K, reserved 1110016K
  class space    used 8449K, capacity 8717K, committed 8832K, reserved 1048576K
}
Event: 629.677 GC heap after
{Heap after GC invocations=47 (full 0):
 garbage-first heap   total 60416K, used 32811K [0x00000000b1800000, 0x0000000100000000)
  region size 1024K, 2 young (2048K), 2 survivors (2048K)
 Metaspace       used 68293K, capacity 69046K, committed 69200K, reserved 1110016K
  class space    used 8449K, capacity 8717K, committed 8832K, reserved 1048576K
}
Event: 704.224 GC heap before
{Heap before GC invocations=47 (full 0):
 garbage-first heap   total 60416K, used 51243K [0x00000000b1800000, 0x0000000100000000)
  region size 1024K, 20 young (20480K), 2 survivors (2048K)
 Metaspace       used 68645K, capacity 69430K, committed 69712K, reserved 1110016K
  class space    used 8451K, capacity 8717K, committed 8832K, reserved 1048576K
}
Event: 704.263 GC heap after
{Heap after GC invocations=48 (full 0):
 garbage-first heap   total 60416K, used 32846K [0x00000000b1800000, 0x0000000100000000)
  region size 1024K, 1 young (1024K), 1 survivors (1024K)
 Metaspace       used 68645K, capacity 69430K, committed 69712K, reserved 1110016K
  class space    used 8451K, capacity 8717K, committed 8832K, reserved 1048576K
}
Event: 859.973 GC heap before
{Heap before GC invocations=49 (full 0):
 garbage-first heap   total 61440K, used 51278K [0x00000000b1800000, 0x0000000100000000)
  region size 1024K, 19 young (19456K), 1 survivors (1024K)
 Metaspace       used 68730K, capacity 69495K, committed 69712K, reserved 1110016K
  class space    used 8451K, capacity 8717K, committed 8832K, reserved 1048576K
}
Event: 859.988 GC heap after
{Heap after GC invocations=50 (full 0):
 garbage-first heap   total 61440K, used 32723K [0x00000000b1800000, 0x0000000100000000)
  region size 1024K, 1 young (1024K), 1 survivors (1024K)
 Metaspace       used 68730K, capacity 69495K, committed 69712K, reserved 1110016K
  class space    used 8451K, capacity 8717K, committed 8832K, reserved 1048576K
}
Event: 1065.009 GC heap before
{Heap before GC invocations=50 (full 0):
 garbage-first heap   total 61440K, used 52179K [0x00000000b1800000, 0x0000000100000000)
  region size 1024K, 20 young (20480K), 1 survivors (1024K)
 Metaspace       used 68731K, capacity 69495K, committed 69712K, reserved 1110016K
  class space    used 8451K, capacity 8717K, committed 8832K, reserved 1048576K
}
Event: 1065.014 GC heap after
{Heap after GC invocations=51 (full 0):
 garbage-first heap   total 61440K, used 32756K [0x00000000b1800000, 0x0000000100000000)
  region size 1024K, 1 young (1024K), 1 survivors (1024K)
 Metaspace       used 68731K, capacity 69495K, committed 69712K, reserved 1110016K
  class space    used 8451K, capacity 8717K, committed 8832K, reserved 1048576K
}
Event: 1196.483 GC heap before
{Heap before GC invocations=52 (full 0):
 garbage-first heap   total 61440K, used 52212K [0x00000000b1800000, 0x0000000100000000)
  region size 1024K, 21 young (21504K), 1 survivors (1024K)
 Metaspace       used 68941K, capacity 69718K, committed 69968K, reserved 1110016K
  class space    used 8462K, capacity 8749K, committed 8832K, reserved 1048576K
}
Event: 1196.489 GC heap after
{Heap after GC invocations=53 (full 0):
 garbage-first heap   total 61440K, used 32929K [0x00000000b1800000, 0x0000000100000000)
  region size 1024K, 1 young (1024K), 1 survivors (1024K)
 Metaspace       used 68941K, capacity 69718K, committed 69968K, reserved 1110016K
  class space    used 8462K, capacity 8749K, committed 8832K, reserved 1048576K
}
Event: 1256.907 GC heap before
{Heap before GC invocations=53 (full 0):
 garbage-first heap   total 61440K, used 53409K [0x00000000b1800000, 0x0000000100000000)
  region size 1024K, 21 young (21504K), 1 survivors (1024K)
 Metaspace       used 69214K, capacity 70041K, committed 70224K, reserved 1110016K
  class space    used 8472K, capacity 8750K, committed 8832K, reserved 1048576K
}
Event: 1256.928 GC heap after
{Heap after GC invocations=54 (full 0):
 garbage-first heap   total 61440K, used 32912K [0x00000000b1800000, 0x0000000100000000)
  region size 1024K, 1 young (1024K), 1 survivors (1024K)
 Metaspace       used 69214K, capacity 70041K, committed 70224K, reserved 1110016K
  class space    used 8472K, capacity 8750K, committed 8832K, reserved 1048576K
}
Event: 1445.916 GC heap before
{Heap before GC invocations=55 (full 0):
 garbage-first heap   total 61440K, used 53392K [0x00000000b1800000, 0x0000000100000000)
  region size 1024K, 21 young (21504K), 1 survivors (1024K)
 Metaspace       used 69154K, capacity 69959K, committed 70224K, reserved 1110016K
  class space    used 8453K, capacity 8710K, committed 8832K, reserved 1048576K
}
Event: 1445.923 GC heap after
{Heap after GC invocations=56 (full 0):
 garbage-first heap   total 61440K, used 32966K [0x00000000b1800000, 0x0000000100000000)
  region size 1024K, 1 young (1024K), 1 survivors (1024K)
 Metaspace       used 69154K, capacity 69959K, committed 70224K, reserved 1110016K
  class space    used 8453K, capacity 8710K, committed 8832K, reserved 1048576K
}
Event: 1467.001 GC heap before
{Heap before GC invocations=56 (full 0):
 garbage-first heap   total 61440K, used 35014K [0x00000000b1800000, 0x0000000100000000)
  region size 1024K, 3 young (3072K), 1 survivors (1024K)
 Metaspace       used 69154K, capacity 69959K, committed 70224K, reserved 1110016K
  class space    used 8453K, capacity 8710K, committed 8832K, reserved 1048576K
}
Event: 1467.071 GC heap after
{Heap after GC invocations=57 (full 0):
 garbage-first heap   total 61440K, used 31361K [0x00000000b1800000, 0x0000000100000000)
  region size 1024K, 1 young (1024K), 1 survivors (1024K)
 Metaspace       used 69154K, capacity 69959K, committed 70224K, reserved 1110016K
  class space    used 8453K, capacity 8710K, committed 8832K, reserved 1048576K
}
Event: 1676.261 GC heap before
{Heap before GC invocations=57 (full 0):
 garbage-first heap   total 61440K, used 52865K [0x00000000b1800000, 0x0000000100000000)
  region size 1024K, 22 young (22528K), 1 survivors (1024K)
 Metaspace       used 69217K, capacity 70029K, committed 70480K, reserved 1112064K
  class space    used 8454K, capacity 8712K, committed 8832K, reserved 1048576K
}
Event: 1676.309 GC heap after
{Heap after GC invocations=58 (full 0):
 garbage-first heap   total 61440K, used 31345K [0x00000000b1800000, 0x0000000100000000)
  region size 1024K, 1 young (1024K), 1 survivors (1024K)
 Metaspace       used 69217K, capacity 70029K, committed 70480K, reserved 1112064K
  class space    used 8454K, capacity 8712K, committed 8832K, reserved 1048576K
}

